{"/Users/Lera/Desktop/GitRepo/Testing/unit-tests/index.js": {"path":"/Users/Lera/Desktop/GitRepo/Testing/unit-tests/index.js","statementMap":{"0":{"start":{"line":5,"column":4},"end":{"line":10,"column":5}},"1":{"start":{"line":6,"column":8},"end":{"line":6,"column":41}},"2":{"start":{"line":8,"column":21},"end":{"line":8,"column":24}},"3":{"start":{"line":9,"column":8},"end":{"line":9,"column":21}},"4":{"start":{"line":15,"column":4},"end":{"line":17,"column":13}},"5":{"start":{"line":16,"column":8},"end":{"line":16,"column":56}},"6":{"start":{"line":18,"column":17},"end":{"line":18,"column":20}},"7":{"start":{"line":19,"column":4},"end":{"line":19,"column":17}},"8":{"start":{"line":27,"column":4},"end":{"line":27,"column":22}},"9":{"start":{"line":28,"column":4},"end":{"line":28,"column":16}},"10":{"start":{"line":33,"column":20},"end":{"line":33,"column":48}},"11":{"start":{"line":34,"column":4},"end":{"line":34,"column":20}},"12":{"start":{"line":39,"column":4},"end":{"line":45,"column":5}},"13":{"start":{"line":40,"column":8},"end":{"line":40,"column":19}},"14":{"start":{"line":41,"column":11},"end":{"line":45,"column":5}},"15":{"start":{"line":42,"column":8},"end":{"line":42,"column":20}},"16":{"start":{"line":44,"column":8},"end":{"line":44,"column":45}},"17":{"start":{"line":50,"column":4},"end":{"line":51,"column":16}},"18":{"start":{"line":51,"column":4},"end":{"line":51,"column":15}},"19":{"start":{"line":54,"column":0},"end":{"line":61,"column":1}}},"fnMap":{"0":{"name":"multiply","decl":{"start":{"line":4,"column":9},"end":{"line":4,"column":17}},"loc":{"start":{"line":4,"column":23},"end":{"line":11,"column":1}},"line":4},"1":{"name":"substract","decl":{"start":{"line":14,"column":9},"end":{"line":14,"column":18}},"loc":{"start":{"line":14,"column":24},"end":{"line":20,"column":1}},"line":14},"2":{"name":"addStringToArray","decl":{"start":{"line":25,"column":9},"end":{"line":25,"column":25}},"loc":{"start":{"line":25,"column":41},"end":{"line":29,"column":1}},"line":25},"3":{"name":"addNumberToObject","decl":{"start":{"line":32,"column":9},"end":{"line":32,"column":26}},"loc":{"start":{"line":32,"column":43},"end":{"line":35,"column":1}},"line":32},"4":{"name":"numberIsEqualOrMoreThanOne","decl":{"start":{"line":38,"column":9},"end":{"line":38,"column":35}},"loc":{"start":{"line":38,"column":44},"end":{"line":46,"column":1}},"line":38},"5":{"name":"getEachFirstItem","decl":{"start":{"line":49,"column":9},"end":{"line":49,"column":25}},"loc":{"start":{"line":49,"column":33},"end":{"line":52,"column":1}},"line":49},"6":{"name":"(anonymous_6)","decl":{"start":{"line":50,"column":24},"end":{"line":50,"column":25}},"loc":{"start":{"line":51,"column":4},"end":{"line":51,"column":15}},"line":51}},"branchMap":{"0":{"loc":{"start":{"line":5,"column":4},"end":{"line":10,"column":5}},"type":"if","locations":[{"start":{"line":5,"column":4},"end":{"line":10,"column":5}},{"start":{"line":7,"column":11},"end":{"line":10,"column":5}}],"line":5},"1":{"loc":{"start":{"line":5,"column":7},"end":{"line":5,"column":27}},"type":"binary-expr","locations":[{"start":{"line":5,"column":7},"end":{"line":5,"column":15}},{"start":{"line":5,"column":19},"end":{"line":5,"column":27}}],"line":5},"2":{"loc":{"start":{"line":15,"column":4},"end":{"line":17,"column":13}},"type":"if","locations":[{"start":{"line":15,"column":4},"end":{"line":17,"column":13}},{"start":{"line":17,"column":11},"end":{"line":17,"column":13}}],"line":15},"3":{"loc":{"start":{"line":15,"column":7},"end":{"line":15,"column":27}},"type":"binary-expr","locations":[{"start":{"line":15,"column":7},"end":{"line":15,"column":15}},{"start":{"line":15,"column":19},"end":{"line":15,"column":27}}],"line":15},"4":{"loc":{"start":{"line":39,"column":4},"end":{"line":45,"column":5}},"type":"if","locations":[{"start":{"line":39,"column":4},"end":{"line":45,"column":5}},{"start":{"line":41,"column":11},"end":{"line":45,"column":5}}],"line":39},"5":{"loc":{"start":{"line":41,"column":11},"end":{"line":45,"column":5}},"type":"if","locations":[{"start":{"line":41,"column":11},"end":{"line":45,"column":5}},{"start":{"line":43,"column":11},"end":{"line":45,"column":5}}],"line":41}},"s":{"0":7,"1":2,"2":5,"3":5,"4":5,"5":1,"6":4,"7":4,"8":2,"9":2,"10":2,"11":2,"12":6,"13":3,"14":3,"15":2,"16":1,"17":5,"18":30,"19":1},"f":{"0":7,"1":5,"2":2,"3":2,"4":6,"5":5,"6":30},"b":{"0":[2,5],"1":[7,6],"2":[1,4],"3":[5,4],"4":[3,3],"5":[2,1]},"_coverageSchema":"1a1c01bbd47fc00a2c39e90264f33305004495a9","hash":"f67bea66050c6321f9fe920ee292ee3d77b78302"}
}
