TN:
SF:index.js
FN:4,multiply
FN:14,substract
FN:25,addStringToArray
FN:32,addNumberToObject
FN:38,numberIsEqualOrMoreThanOne
FN:49,getEachFirstItem
FN:50,(anonymous_6)
FNF:7
FNH:7
FNDA:7,multiply
FNDA:5,substract
FNDA:2,addStringToArray
FNDA:2,addNumberToObject
FNDA:6,numberIsEqualOrMoreThanOne
FNDA:5,getEachFirstItem
FNDA:30,(anonymous_6)
DA:5,7
DA:6,2
DA:8,5
DA:9,5
DA:15,5
DA:16,1
DA:18,4
DA:19,4
DA:27,2
DA:28,2
DA:33,2
DA:34,2
DA:39,6
DA:40,3
DA:41,3
DA:42,2
DA:44,1
DA:50,5
DA:51,30
DA:54,1
LF:20
LH:20
BRDA:5,0,0,2
BRDA:5,0,1,5
BRDA:5,1,0,7
BRDA:5,1,1,6
BRDA:15,2,0,1
BRDA:15,2,1,4
BRDA:15,3,0,5
BRDA:15,3,1,4
BRDA:39,4,0,3
BRDA:39,4,1,3
BRDA:41,5,0,2
BRDA:41,5,1,1
BRF:12
BRH:12
end_of_record
